time="2025-08-10 17:11:46" level=info msg="HTTP请求" latency=158.4621ms method=POST path=/outside/login status=200
time="2025-08-10 17:12:55" level=info msg="HTTP请求" latency=200.5642ms method=POST path=/outside/login status=200
time="2025-08-11 19:28:15" level=info msg="HTTP请求" latency=568.9059ms method=POST path=/outside/login status=200
time="2025-08-11 19:40:36" level=info msg="HTTP请求" latency=1m16.5897673s method=POST path=/api/postCreate status=200
time="2025-08-11 19:54:33" level=info msg="HTTP请求" latency=40.7737645s method=POST path=/api/postCreate status=200
time="2025-08-11 19:56:29" level=info msg="HTTP请求" latency="528.3µs" method=POST path=/api/postCreate status=200
time="2025-08-11 19:57:09" level=info msg="HTTP请求" latency=195.4213ms method=POST path=/api/postCreate status=200
time="2025-08-11 20:12:06" level=info msg="HTTP请求" latency=1.1074ms method=POST path=/api/post/create status=200
time="2025-08-11 20:12:52" level=info msg="HTTP请求" latency=204.512ms method=POST path=/api/post/create status=200
time="2025-08-11 20:18:31" level=info msg="HTTP请求" latency=1.0536ms method=GET path=/api/post/3 status=200
time="2025-08-11 20:19:27" level=info msg="HTTP请求" latency=17.7652456s method=GET path=/api/post/4 status=200
time="2025-08-11 20:19:50" level=info msg="HTTP请求" latency=5.2796603s method=GET path=/api/post/3 status=200
time="2025-08-11 21:19:02" level=info msg="HTTP请求" latency=201.9275ms method=POST path=/api/post/page status=200
time="2025-08-11 21:22:44" level=info msg="HTTP请求" latency=5.4438806s method=POST path=/api/post/page status=200
time="2025-08-11 21:23:10" level=info msg="HTTP请求" latency=347.994ms method=POST path=/api/post/page status=200
time="2025-08-11 21:24:10" level=info msg="HTTP请求" latency=34.3000179s method=POST path=/api/post/page status=200
time="2025-08-11 21:24:52" level=info msg="HTTP请求" latency=2.0220205s method=POST path=/api/post/page status=200
time="2025-08-11 21:27:26" level=info msg="HTTP请求" latency=2.8668957s method=POST path=/api/post/page status=200
time="2025-08-11 22:46:36" level=info msg="HTTP请求" latency=169.8454ms method=POST path=/api/post/update status=200
time="2025-08-11 22:47:12" level=info msg="HTTP请求" latency=331.5636ms method=POST path=/api/post/update status=200
time="2025-08-11 22:56:10" level=info msg="HTTP请求" latency=9.6947803s method=POST path=/api/post/delete status=200
time="2025-08-11 22:56:50" level=info msg="HTTP请求" latency=2.5803485s method=POST path=/api/post/delete status=200
time="2025-08-11 23:18:43" level=info msg="HTTP请求" latency=1.6434ms method=POST path=/api/comment/create status=200
time="2025-08-11 23:19:08" level=info msg="HTTP请求" latency=0s method=POST path=/api/comment/create status=200
time="2025-08-11 23:19:29" level=info msg="HTTP请求" latency=267.9407ms method=POST path=/api/comment/create status=200
time="2025-08-11 23:20:07" level=info msg="HTTP请求" latency=181.7718ms method=POST path=/api/comment/create status=200
time="2025-08-11 23:20:44" level=info msg="HTTP请求" latency=91.2757ms method=POST path=/api/comment/list status=200
time="2025-08-11 23:21:21" level=info msg="HTTP请求" latency=90.0275ms method=POST path=/api/comment/list status=200
time="2025-08-11 23:21:26" level=info msg="HTTP请求" latency=89.6838ms method=POST path=/api/comment/list status=200
time="2025-08-11 23:22:23" level=info msg="HTTP请求" latency=41.2498297s method=POST path=/api/comment/list status=200
time="2025-08-11 23:23:35" level=info msg="HTTP请求" latency=26.9483597s method=POST path=/api/comment/list status=200
time="2025-08-11 23:23:46" level=info msg="HTTP请求" latency=1.7452982s method=POST path=/api/comment/list status=200
time="2025-08-11 23:24:55" level=info msg="HTTP请求" latency=3.4153807s method=POST path=/api/comment/list status=200
